<?xml version="1.0" encoding="UTF-8"?>
<!-- Generated by org.testng.reporters.JUnitXMLReporter -->
<testsuite ignored="0" hostname="DESKTOP-APJVEMU" failures="0" tests="7" name="Default test" time="72.163" errors="0" timestamp="2019-11-01T17:33:10 PDT">
  <testcase classname="SeleniumTests.MultithreadedSelenium.GoogleTest" name="TestvalidateLogInTest" time="15.016"/>
  <testcase classname="SeleniumTests.MultithreadedSelenium.GoogleTest" name="TestvalidateLogInTest" time="14.932"/>
  <testcase classname="SeleniumTests.MultithreadedSelenium.GoogleTest" name="test1" time="0.416"/>
  <testcase classname="SeleniumTests.MultithreadedSelenium.GoogleTest" name="test2" time="0.427"/>
  <testcase classname="SeleniumTests.MultithreadedSelenium.GoogleTest" name="test3" time="0.437"/>
  <testcase classname="SeleniumTests.MultithreadedSelenium.GoogleTest" name="test4" time="0.426"/>
  <testcase classname="SeleniumTests.MultithreadedSelenium.GoogleTest" name="test5" time="0.427"/>
</testsuite> <!-- Default test -->
