<?xml version="1.0" encoding="UTF-8"?>
<!-- Generated by org.testng.reporters.JUnitXMLReporter -->
<testsuite ignored="0" hostname="DESKTOP-APJVEMU" failures="0" tests="7" name="Test" time="73.857" errors="0" timestamp="2019-10-31T15:28:46 PDT">
  <testcase classname="SeleniumTests.MultithreadedSelenium.GoogleTest" name="test3" time="21.446"/>
  <testcase classname="SeleniumTests.MultithreadedSelenium.GoogleTest" name="test2" time="0.903"/>
  <testcase classname="SeleniumTests.MultithreadedSelenium.GoogleTest" name="test1" time="6.147"/>
  <testcase classname="SeleniumTests.MultithreadedSelenium.GoogleTest" name="test4" time="11.315"/>
  <testcase classname="SeleniumTests.MultithreadedSelenium.GoogleTest" name="test5" time="0.679"/>
  <testcase classname="SeleniumTests.MultithreadedSelenium.GoogleTest" name="TestvalidateLogInTest" time="30.192"/>
  <testcase classname="SeleniumTests.MultithreadedSelenium.GoogleTest" name="TestvalidateLogInTest" time="27.177"/>
</testsuite> <!-- Test -->
