<?xml version="1.0" encoding="UTF-8"?>
<!-- Generated by org.testng.reporters.JUnitXMLReporter -->
<testsuite ignored="0" hostname="DESKTOP-APJVEMU" failures="0" tests="7" name="Test" time="61.619" errors="0" timestamp="2019-11-02T00:46:03 PDT">
  <testcase classname="SeleniumTests.MultithreadedSelenium.GoogleTest" name="test1" time="7.984"/>
  <testcase classname="SeleniumTests.MultithreadedSelenium.GoogleTest" name="test4" time="2.924"/>
  <testcase classname="SeleniumTests.MultithreadedSelenium.GoogleTest" name="test2" time="18.107"/>
  <testcase classname="SeleniumTests.MultithreadedSelenium.GoogleTest" name="test3" time="13.02"/>
  <testcase classname="SeleniumTests.MultithreadedSelenium.GoogleTest" name="test5" time="0.479"/>
  <testcase classname="SeleniumTests.MultithreadedSelenium.GoogleTest" name="TestvalidateLogInTest" time="36.618"/>
  <testcase classname="SeleniumTests.MultithreadedSelenium.GoogleTest" name="TestvalidateLogInTest" time="13.961"/>
</testsuite> <!-- Test -->
