<?xml version="1.0" encoding="UTF-8"?>
<!-- Generated by org.testng.reporters.JUnitXMLReporter -->
<testsuite ignored="0" hostname="DESKTOP-APJVEMU" failures="0" tests="7" name="Test2" time="59.895" errors="0" timestamp="2019-11-01T12:50:37 PDT">
  <testcase classname="SeleniumTests.MultithreadedSelenium.GoogleTest" name="test4" time="10.712"/>
  <testcase classname="SeleniumTests.MultithreadedSelenium.GoogleTest" name="test1" time="5.752"/>
  <testcase classname="SeleniumTests.MultithreadedSelenium.GoogleTest" name="test3" time="20.923"/>
  <testcase classname="SeleniumTests.MultithreadedSelenium.GoogleTest" name="test2" time="0.711"/>
  <testcase classname="SeleniumTests.MultithreadedSelenium.GoogleTest" name="test5" time="0.352"/>
  <testcase classname="SeleniumTests.MultithreadedSelenium.GoogleTest" name="TestvalidateLogInTest" time="29.573"/>
  <testcase classname="SeleniumTests.MultithreadedSelenium.GoogleTest" name="TestvalidateLogInTest" time="13.949"/>
</testsuite> <!-- Test2 -->
