<?xml version="1.0" encoding="UTF-8"?>
<!-- Generated by org.testng.reporters.JUnitXMLReporter -->
<testsuite ignored="0" hostname="DESKTOP-APJVEMU" failures="0" tests="7" name="Test" time="60.557" errors="0" timestamp="2019-11-01T00:13:18 PDT">
  <testcase classname="SeleniumTests.MultithreadedSelenium.GoogleTest" name="test2" time="10.945"/>
  <testcase classname="SeleniumTests.MultithreadedSelenium.GoogleTest" name="test1" time="21.344"/>
  <testcase classname="SeleniumTests.MultithreadedSelenium.GoogleTest" name="test4" time="6.023"/>
  <testcase classname="SeleniumTests.MultithreadedSelenium.GoogleTest" name="test3" time="0.981"/>
  <testcase classname="SeleniumTests.MultithreadedSelenium.GoogleTest" name="test5" time="0.391"/>
  <testcase classname="SeleniumTests.MultithreadedSelenium.GoogleTest" name="TestvalidateLogInTest" time="29.498"/>
  <testcase classname="SeleniumTests.MultithreadedSelenium.GoogleTest" name="TestvalidateLogInTest" time="13.961"/>
</testsuite> <!-- Test -->
