<?xml version="1.0" encoding="UTF-8"?>
<testng-results ignored="0" total="7" passed="7" failed="0" skipped="0">
  <reporter-output>
  </reporter-output>
  <suite started-at="2019-11-01T00:12:17 PDT" name="Suite" finished-at="2019-11-01T00:13:18 PDT" duration-ms="60557">
    <groups>
    </groups>
    <test started-at="2019-11-01T00:12:17 PDT" name="Test" finished-at="2019-11-01T00:13:18 PDT" duration-ms="60557">
      <class name="SeleniumTests.MultithreadedSelenium.GoogleTest">
        <test-method is-config="true" signature="setup()[pri:0, instance:SeleniumTests.MultithreadedSelenium.GoogleTest@555cf22]" started-at="2019-11-01T00:12:17 PDT" name="setup" finished-at="2019-11-01T00:12:23 PDT" duration-ms="5606" status="PASS">
          <reporter-output>
          </reporter-output>
        </test-method> <!-- setup -->
        <test-method is-config="true" signature="setup()[pri:0, instance:SeleniumTests.MultithreadedSelenium.GoogleTest@555cf22]" started-at="2019-11-01T00:12:17 PDT" name="setup" finished-at="2019-11-01T00:12:38 PDT" duration-ms="20982" status="PASS">
          <reporter-output>
          </reporter-output>
        </test-method> <!-- setup -->
        <test-method is-config="true" signature="setup()[pri:0, instance:SeleniumTests.MultithreadedSelenium.GoogleTest@555cf22]" started-at="2019-11-01T00:12:17 PDT" name="setup" finished-at="2019-11-01T00:12:44 PDT" duration-ms="26030" status="PASS">
          <reporter-output>
          </reporter-output>
        </test-method> <!-- setup -->
        <test-method is-config="true" signature="setup()[pri:0, instance:SeleniumTests.MultithreadedSelenium.GoogleTest@555cf22]" started-at="2019-11-01T00:12:17 PDT" name="setup" finished-at="2019-11-01T00:12:33 PDT" duration-ms="15820" status="PASS">
          <reporter-output>
          </reporter-output>
        </test-method> <!-- setup -->
        <test-method is-config="true" signature="setup()[pri:0, instance:SeleniumTests.MultithreadedSelenium.GoogleTest@555cf22]" started-at="2019-11-01T00:12:17 PDT" name="setup" finished-at="2019-11-01T00:12:28 PDT" duration-ms="10741" status="PASS">
          <reporter-output>
          </reporter-output>
        </test-method> <!-- setup -->
        <test-method signature="test1()[pri:0, instance:SeleniumTests.MultithreadedSelenium.GoogleTest@555cf22]" started-at="2019-11-01T00:12:23 PDT" name="test1" finished-at="2019-11-01T00:12:44 PDT" duration-ms="21344" status="PASS">
          <reporter-output>
          </reporter-output>
        </test-method> <!-- test1 -->
        <test-method signature="TestvalidateLogInTest(java.lang.String, java.lang.String, java.lang.String)[pri:0, instance:SeleniumTests.MultithreadedSelenium.GoogleTest@555cf22]" started-at="2019-11-01T00:12:28 PDT" name="TestvalidateLogInTest" data-provider="dp" finished-at="2019-11-01T00:12:58 PDT" duration-ms="29498" status="PASS">
          <params>
            <param index="0">
              <value>
                <![CDATA[nonrestricteduser@qw.com]]>
              </value>
            </param>
            <param index="1">
              <value>
                <![CDATA[123456]]>
              </value>
            </param>
            <param index="2">
              <value>
                <![CDATA[Restricted User]]>
              </value>
            </param>
          </params>
          <reporter-output>
          </reporter-output>
        </test-method> <!-- TestvalidateLogInTest -->
        <test-method signature="test2()[pri:0, instance:SeleniumTests.MultithreadedSelenium.GoogleTest@555cf22]" started-at="2019-11-01T00:12:33 PDT" name="test2" finished-at="2019-11-01T00:12:44 PDT" duration-ms="10945" status="PASS">
          <reporter-output>
          </reporter-output>
        </test-method> <!-- test2 -->
        <test-method signature="test4()[pri:0, instance:SeleniumTests.MultithreadedSelenium.GoogleTest@555cf22]" started-at="2019-11-01T00:12:38 PDT" name="test4" finished-at="2019-11-01T00:12:44 PDT" duration-ms="6023" status="PASS">
          <reporter-output>
          </reporter-output>
        </test-method> <!-- test4 -->
        <test-method signature="test3()[pri:0, instance:SeleniumTests.MultithreadedSelenium.GoogleTest@555cf22]" started-at="2019-11-01T00:12:44 PDT" name="test3" finished-at="2019-11-01T00:12:44 PDT" duration-ms="981" status="PASS">
          <reporter-output>
          </reporter-output>
        </test-method> <!-- test3 -->
        <test-method is-config="true" signature="tearDown()[pri:0, instance:SeleniumTests.MultithreadedSelenium.GoogleTest@555cf22]" started-at="2019-11-01T00:12:44 PDT" name="tearDown" finished-at="2019-11-01T00:12:45 PDT" duration-ms="819" status="PASS">
          <reporter-output>
          </reporter-output>
        </test-method> <!-- tearDown -->
        <test-method is-config="true" signature="tearDown()[pri:0, instance:SeleniumTests.MultithreadedSelenium.GoogleTest@555cf22]" started-at="2019-11-01T00:12:44 PDT" name="tearDown" finished-at="2019-11-01T00:12:45 PDT" duration-ms="675" status="PASS">
          <reporter-output>
          </reporter-output>
        </test-method> <!-- tearDown -->
        <test-method is-config="true" signature="tearDown()[pri:0, instance:SeleniumTests.MultithreadedSelenium.GoogleTest@555cf22]" started-at="2019-11-01T00:12:44 PDT" name="tearDown" finished-at="2019-11-01T00:12:45 PDT" duration-ms="667" status="PASS">
          <reporter-output>
          </reporter-output>
        </test-method> <!-- tearDown -->
        <test-method is-config="true" signature="tearDown()[pri:0, instance:SeleniumTests.MultithreadedSelenium.GoogleTest@555cf22]" started-at="2019-11-01T00:12:44 PDT" name="tearDown" finished-at="2019-11-01T00:12:45 PDT" duration-ms="638" status="PASS">
          <reporter-output>
          </reporter-output>
        </test-method> <!-- tearDown -->
        <test-method is-config="true" signature="setup()[pri:0, instance:SeleniumTests.MultithreadedSelenium.GoogleTest@555cf22]" started-at="2019-11-01T00:12:45 PDT" name="setup" finished-at="2019-11-01T00:12:50 PDT" duration-ms="5040" status="PASS">
          <reporter-output>
          </reporter-output>
        </test-method> <!-- setup -->
        <test-method signature="test5()[pri:0, instance:SeleniumTests.MultithreadedSelenium.GoogleTest@555cf22]" started-at="2019-11-01T00:12:50 PDT" name="test5" finished-at="2019-11-01T00:12:51 PDT" duration-ms="391" status="PASS">
          <reporter-output>
          </reporter-output>
        </test-method> <!-- test5 -->
        <test-method is-config="true" signature="tearDown()[pri:0, instance:SeleniumTests.MultithreadedSelenium.GoogleTest@555cf22]" started-at="2019-11-01T00:12:51 PDT" name="tearDown" finished-at="2019-11-01T00:12:51 PDT" duration-ms="590" status="PASS">
          <reporter-output>
          </reporter-output>
        </test-method> <!-- tearDown -->
        <test-method is-config="true" signature="tearDown()[pri:0, instance:SeleniumTests.MultithreadedSelenium.GoogleTest@555cf22]" started-at="2019-11-01T00:12:58 PDT" name="tearDown" finished-at="2019-11-01T00:12:58 PDT" duration-ms="592" status="PASS">
          <reporter-output>
          </reporter-output>
        </test-method> <!-- tearDown -->
        <test-method is-config="true" signature="setup()[pri:0, instance:SeleniumTests.MultithreadedSelenium.GoogleTest@555cf22]" started-at="2019-11-01T00:12:58 PDT" name="setup" finished-at="2019-11-01T00:13:03 PDT" duration-ms="5147" status="PASS">
          <reporter-output>
          </reporter-output>
        </test-method> <!-- setup -->
        <test-method signature="TestvalidateLogInTest(java.lang.String, java.lang.String, java.lang.String)[pri:0, instance:SeleniumTests.MultithreadedSelenium.GoogleTest@555cf22]" started-at="2019-11-01T00:13:03 PDT" name="TestvalidateLogInTest" data-provider="dp" finished-at="2019-11-01T00:13:17 PDT" duration-ms="13961" status="PASS">
          <params>
            <param index="0">
              <value>
                <![CDATA[restricteduser@qw.com]]>
              </value>
            </param>
            <param index="1">
              <value>
                <![CDATA[456789]]>
              </value>
            </param>
            <param index="2">
              <value>
                <![CDATA[Non Restricted User]]>
              </value>
            </param>
          </params>
          <reporter-output>
          </reporter-output>
        </test-method> <!-- TestvalidateLogInTest -->
        <test-method is-config="true" signature="tearDown()[pri:0, instance:SeleniumTests.MultithreadedSelenium.GoogleTest@555cf22]" started-at="2019-11-01T00:13:17 PDT" name="tearDown" finished-at="2019-11-01T00:13:18 PDT" duration-ms="588" status="PASS">
          <reporter-output>
          </reporter-output>
        </test-method> <!-- tearDown -->
      </class> <!-- SeleniumTests.MultithreadedSelenium.GoogleTest -->
    </test> <!-- Test -->
  </suite> <!-- Suite -->
</testng-results>
