<?xml version="1.0" encoding="UTF-8"?>
<testng-results ignored="0" total="7" passed="7" failed="0" skipped="0">
  <reporter-output>
  </reporter-output>
  <suite started-at="2019-11-02T00:45:01 PDT" name="Suite" finished-at="2019-11-02T00:46:03 PDT" duration-ms="61619">
    <groups>
    </groups>
    <test started-at="2019-11-02T00:45:01 PDT" name="Test" finished-at="2019-11-02T00:46:03 PDT" duration-ms="61619">
      <class name="SeleniumTests.MultithreadedSelenium.GoogleTest">
        <test-method is-config="true" signature="setup()[pri:0, instance:SeleniumTests.MultithreadedSelenium.GoogleTest@4d18aa28]" started-at="2019-11-02T00:45:01 PDT" name="setup" finished-at="2019-11-02T00:45:12 PDT" duration-ms="10522" status="PASS">
          <reporter-output>
          </reporter-output>
        </test-method> <!-- setup -->
        <test-method is-config="true" signature="setup()[pri:0, instance:SeleniumTests.MultithreadedSelenium.GoogleTest@4d18aa28]" started-at="2019-11-02T00:45:01 PDT" name="setup" finished-at="2019-11-02T00:45:17 PDT" duration-ms="15620" status="PASS">
          <reporter-output>
          </reporter-output>
        </test-method> <!-- setup -->
        <test-method is-config="true" signature="setup()[pri:0, instance:SeleniumTests.MultithreadedSelenium.GoogleTest@4d18aa28]" started-at="2019-11-02T00:45:01 PDT" name="setup" finished-at="2019-11-02T00:45:22 PDT" duration-ms="20647" status="PASS">
          <reporter-output>
          </reporter-output>
        </test-method> <!-- setup -->
        <test-method is-config="true" signature="setup()[pri:0, instance:SeleniumTests.MultithreadedSelenium.GoogleTest@4d18aa28]" started-at="2019-11-02T00:45:01 PDT" name="setup" finished-at="2019-11-02T00:45:27 PDT" duration-ms="25705" status="PASS">
          <reporter-output>
          </reporter-output>
        </test-method> <!-- setup -->
        <test-method is-config="true" signature="setup()[pri:0, instance:SeleniumTests.MultithreadedSelenium.GoogleTest@4d18aa28]" started-at="2019-11-02T00:45:01 PDT" name="setup" finished-at="2019-11-02T00:45:06 PDT" duration-ms="5368" status="PASS">
          <reporter-output>
          </reporter-output>
        </test-method> <!-- setup -->
        <test-method signature="TestvalidateLogInTest(java.lang.String, java.lang.String, java.lang.String)[pri:0, instance:SeleniumTests.MultithreadedSelenium.GoogleTest@4d18aa28]" started-at="2019-11-02T00:45:06 PDT" name="TestvalidateLogInTest" data-provider="dp" finished-at="2019-11-02T00:45:43 PDT" duration-ms="36618" status="PASS">
          <params>
            <param index="0">
              <value>
                <![CDATA[nonrestricteduser@qw.com]]>
              </value>
            </param>
            <param index="1">
              <value>
                <![CDATA[123456]]>
              </value>
            </param>
            <param index="2">
              <value>
                <![CDATA[Restricted User]]>
              </value>
            </param>
          </params>
          <reporter-output>
          </reporter-output>
        </test-method> <!-- TestvalidateLogInTest -->
        <test-method signature="test2()[pri:0, instance:SeleniumTests.MultithreadedSelenium.GoogleTest@4d18aa28]" started-at="2019-11-02T00:45:12 PDT" name="test2" finished-at="2019-11-02T00:45:30 PDT" duration-ms="18107" status="PASS">
          <reporter-output>
          </reporter-output>
        </test-method> <!-- test2 -->
        <test-method signature="test3()[pri:0, instance:SeleniumTests.MultithreadedSelenium.GoogleTest@4d18aa28]" started-at="2019-11-02T00:45:17 PDT" name="test3" finished-at="2019-11-02T00:45:30 PDT" duration-ms="13020" status="PASS">
          <reporter-output>
          </reporter-output>
        </test-method> <!-- test3 -->
        <test-method signature="test1()[pri:0, instance:SeleniumTests.MultithreadedSelenium.GoogleTest@4d18aa28]" started-at="2019-11-02T00:45:22 PDT" name="test1" finished-at="2019-11-02T00:45:30 PDT" duration-ms="7984" status="PASS">
          <reporter-output>
          </reporter-output>
        </test-method> <!-- test1 -->
        <test-method signature="test4()[pri:0, instance:SeleniumTests.MultithreadedSelenium.GoogleTest@4d18aa28]" started-at="2019-11-02T00:45:27 PDT" name="test4" finished-at="2019-11-02T00:45:30 PDT" duration-ms="2924" status="PASS">
          <reporter-output>
          </reporter-output>
        </test-method> <!-- test4 -->
        <test-method is-config="true" signature="tearDown()[pri:0, instance:SeleniumTests.MultithreadedSelenium.GoogleTest@4d18aa28]" started-at="2019-11-02T00:45:30 PDT" name="tearDown" finished-at="2019-11-02T00:45:30 PDT" duration-ms="29" status="PASS">
          <reporter-output>
          </reporter-output>
        </test-method> <!-- tearDown -->
        <test-method is-config="true" signature="tearDown()[pri:0, instance:SeleniumTests.MultithreadedSelenium.GoogleTest@4d18aa28]" started-at="2019-11-02T00:45:30 PDT" name="tearDown" finished-at="2019-11-02T00:45:30 PDT" duration-ms="29" status="PASS">
          <reporter-output>
          </reporter-output>
        </test-method> <!-- tearDown -->
        <test-method is-config="true" signature="tearDown()[pri:0, instance:SeleniumTests.MultithreadedSelenium.GoogleTest@4d18aa28]" started-at="2019-11-02T00:45:30 PDT" name="tearDown" finished-at="2019-11-02T00:45:30 PDT" duration-ms="26" status="PASS">
          <reporter-output>
          </reporter-output>
        </test-method> <!-- tearDown -->
        <test-method is-config="true" signature="tearDown()[pri:0, instance:SeleniumTests.MultithreadedSelenium.GoogleTest@4d18aa28]" started-at="2019-11-02T00:45:30 PDT" name="tearDown" finished-at="2019-11-02T00:45:30 PDT" duration-ms="37" status="PASS">
          <reporter-output>
          </reporter-output>
        </test-method> <!-- tearDown -->
        <test-method is-config="true" signature="setup()[pri:0, instance:SeleniumTests.MultithreadedSelenium.GoogleTest@4d18aa28]" started-at="2019-11-02T00:45:30 PDT" name="setup" finished-at="2019-11-02T00:45:35 PDT" duration-ms="5573" status="PASS">
          <reporter-output>
          </reporter-output>
        </test-method> <!-- setup -->
        <test-method signature="test5()[pri:0, instance:SeleniumTests.MultithreadedSelenium.GoogleTest@4d18aa28]" started-at="2019-11-02T00:45:35 PDT" name="test5" finished-at="2019-11-02T00:45:36 PDT" duration-ms="479" status="PASS">
          <reporter-output>
          </reporter-output>
        </test-method> <!-- test5 -->
        <test-method is-config="true" signature="tearDown()[pri:0, instance:SeleniumTests.MultithreadedSelenium.GoogleTest@4d18aa28]" started-at="2019-11-02T00:45:36 PDT" name="tearDown" finished-at="2019-11-02T00:45:36 PDT" duration-ms="14" status="PASS">
          <reporter-output>
          </reporter-output>
        </test-method> <!-- tearDown -->
        <test-method is-config="true" signature="tearDown()[pri:0, instance:SeleniumTests.MultithreadedSelenium.GoogleTest@4d18aa28]" started-at="2019-11-02T00:45:43 PDT" name="tearDown" finished-at="2019-11-02T00:45:43 PDT" duration-ms="17" status="PASS">
          <reporter-output>
          </reporter-output>
        </test-method> <!-- tearDown -->
        <test-method is-config="true" signature="setup()[pri:0, instance:SeleniumTests.MultithreadedSelenium.GoogleTest@4d18aa28]" started-at="2019-11-02T00:45:43 PDT" name="setup" finished-at="2019-11-02T00:45:49 PDT" duration-ms="5600" status="PASS">
          <reporter-output>
          </reporter-output>
        </test-method> <!-- setup -->
        <test-method signature="TestvalidateLogInTest(java.lang.String, java.lang.String, java.lang.String)[pri:0, instance:SeleniumTests.MultithreadedSelenium.GoogleTest@4d18aa28]" started-at="2019-11-02T00:45:49 PDT" name="TestvalidateLogInTest" data-provider="dp" finished-at="2019-11-02T00:46:03 PDT" duration-ms="13961" status="PASS">
          <params>
            <param index="0">
              <value>
                <![CDATA[restricteduser@qw.com]]>
              </value>
            </param>
            <param index="1">
              <value>
                <![CDATA[456789]]>
              </value>
            </param>
            <param index="2">
              <value>
                <![CDATA[Non Restricted User]]>
              </value>
            </param>
          </params>
          <reporter-output>
          </reporter-output>
        </test-method> <!-- TestvalidateLogInTest -->
        <test-method is-config="true" signature="tearDown()[pri:0, instance:SeleniumTests.MultithreadedSelenium.GoogleTest@4d18aa28]" started-at="2019-11-02T00:46:03 PDT" name="tearDown" finished-at="2019-11-02T00:46:03 PDT" duration-ms="18" status="PASS">
          <reporter-output>
          </reporter-output>
        </test-method> <!-- tearDown -->
      </class> <!-- SeleniumTests.MultithreadedSelenium.GoogleTest -->
    </test> <!-- Test -->
  </suite> <!-- Suite -->
</testng-results>
